<?xml version="1.0" encoding="UTF-8"?>
<!-- Generated by org.testng.reporters.JUnitXMLReporter -->
<testsuite ignored="0" hostname="pc" failures="0" tests="3" name="Test" time="167.331" errors="0" timestamp="10 Mar 2019 16:18:25 GMT">
  <testcase classname="com.demoaut.newtours.MavenDemo.BookTicketTest" name="ticketBookingTest" time="38.963"/>
  <testcase classname="com.demoaut.newtours.MavenDemo.InvalidUserTest" name="invalidUserTest" time="1.726"/>
  <testcase classname="com.demoaut.newtours.MavenDemo.ValidateUserTest" name="userValidation" time="110.466"/>
</testsuite> <!-- Test -->
